<?xml version="1.0" encoding="UTF-8"?>
<!-- Generated by org.testng.reporters.JUnitReportReporter -->
<testsuite hostname="GEETAKARUNYAM" failures="0" tests="2" name="TestNG.EnabledFlaseTest" time="0.011" errors="0" timestamp="2023-08-22T18:42:20 IST" skipped="0">
  <testcase classname="TestNG.EnabledFlaseTest" name="test1" time="0.009"/>
  <testcase classname="TestNG.EnabledFlaseTest" name="test2" time="0.002"/>
</testsuite> <!-- TestNG.EnabledFlaseTest -->
