<?xml version="1.0" encoding="UTF-8"?>
<!-- Generated by org.testng.reporters.JUnitReportReporter -->
<testsuite hostname="GEETAKARUNYAM" failures="0" tests="6" name="TestNG.InvocationCountTest" time="0.023" errors="0" timestamp="2023-08-22T18:38:26 IST" skipped="0">
  <testcase classname="TestNG.InvocationCountTest" name="demo1" time="0.011">
    <system-out>
      <![CDATA[Demo1]]>
    </system-out>
  </testcase> <!-- demo1 -->
  <testcase classname="TestNG.InvocationCountTest" name="demo1" time="0.003">
    <system-out>
      <![CDATA[Demo1]]>
    </system-out>
  </testcase> <!-- demo1 -->
  <testcase classname="TestNG.InvocationCountTest" name="demo1" time="0.002">
    <system-out>
      <![CDATA[Demo1]]>
    </system-out>
  </testcase> <!-- demo1 -->
  <testcase classname="TestNG.InvocationCountTest" name="demo1" time="0.002">
    <system-out>
      <![CDATA[Demo1]]>
    </system-out>
  </testcase> <!-- demo1 -->
  <testcase classname="TestNG.InvocationCountTest" name="demo2" time="0.002">
    <system-out>
      <![CDATA[Demo2]]>
    </system-out>
  </testcase> <!-- demo2 -->
  <testcase classname="TestNG.InvocationCountTest" name="demo1" time="0.003">
    <system-out>
      <![CDATA[Demo1]]>
    </system-out>
  </testcase> <!-- demo1 -->
  <system-out>
    <![CDATA[Demo1
Demo1
Demo1
Demo1
Demo1
Demo2]]>
  </system-out>
</testsuite> <!-- TestNG.InvocationCountTest -->
