<?xml version="1.0" encoding="UTF-8"?>
<!-- Generated by org.testng.reporters.JUnitReportReporter -->
<testsuite hostname="GEETAKARUNYAM" failures="0" tests="5" name="TestNG.PrioritizingTests" time="0.016" errors="0" timestamp="2023-08-07T09:26:09 IST" skipped="0">
  <testcase classname="TestNG.PrioritizingTests" name="test4" time="0.009">
    <system-out>
      <![CDATA[test4]]>
    </system-out>
  </testcase> <!-- test4 -->
  <testcase classname="TestNG.PrioritizingTests" name="test3" time="0.001">
    <system-out>
      <![CDATA[test3]]>
    </system-out>
  </testcase> <!-- test3 -->
  <testcase classname="TestNG.PrioritizingTests" name="test2" time="0.002">
    <system-out>
      <![CDATA[test2]]>
    </system-out>
  </testcase> <!-- test2 -->
  <testcase classname="TestNG.PrioritizingTests" name="test1" time="0.002">
    <system-out>
      <![CDATA[test1]]>
    </system-out>
  </testcase> <!-- test1 -->
  <testcase classname="TestNG.PrioritizingTests" name="test5" time="0.002">
    <system-out>
      <![CDATA[test5]]>
    </system-out>
  </testcase> <!-- test5 -->
  <system-out>
    <![CDATA[test4
test3
test2
test1
test5]]>
  </system-out>
</testsuite> <!-- TestNG.PrioritizingTests -->
