<?xml version="1.0" encoding="UTF-8"?>
<!-- Generated by org.testng.reporters.JUnitReportReporter -->
<testsuite hostname="GEETAKARUNYAM" failures="0" tests="1" name="VtigerFinalTestScript.CreateContactTest" time="10.485" errors="0" timestamp="2023-08-24T21:20:02 IST" skipped="0">
  <testcase classname="VtigerFinalTestScript.CreateContactTest" name="createContactTest" time="10.485"/>
</testsuite> <!-- VtigerFinalTestScript.CreateContactTest -->
