<?xml version="1.0" encoding="UTF-8"?>
<!-- Generated by org.testng.reporters.JUnitReportReporter -->
<testsuite hostname="GEETAKARUNYAM" failures="0" tests="3" name="TestNG.TestNGADD" time="0.015" errors="0" timestamp="2023-08-10T16:35:48 IST" skipped="0">
  <testcase classname="TestNG.TestNGADD" name="multi" time="0.002"/>
  <testcase classname="TestNG.TestNGADD" name="add" time="0.011"/>
  <testcase classname="TestNG.TestNGADD" name="sub" time="0.002"/>
</testsuite> <!-- TestNG.TestNGADD -->
