<?xml version="1.0" encoding="UTF-8"?>
<!-- Generated by org.testng.reporters.JUnitReportReporter -->
<testsuite hostname="GEETAKARUNYAM" failures="0" tests="1" name="VtigerFinalTestScript.createContactWithOrgTest" time="20.304" errors="0" timestamp="2023-08-24T21:20:38 IST" skipped="0">
  <testcase classname="VtigerFinalTestScript.createContactWithOrgTest" name="createContactWithOrgTest" time="20.304"/>
</testsuite> <!-- VtigerFinalTestScript.createContactWithOrgTest -->
