<?xml version="1.0" encoding="UTF-8"?>
<!-- Generated by org.testng.reporters.JUnitReportReporter -->
<testsuite hostname="GEETAKARUNYAM" failures="0" tests="1" name="CrossBrowserPractice.PracticeTest" time="8.778" errors="0" timestamp="2023-08-15T09:22:32 IST" skipped="0">
  <testcase classname="CrossBrowserPractice.PracticeTest" name="googleTest" time="8.778"/>
</testsuite> <!-- CrossBrowserPractice.PracticeTest -->
