<?xml version="1.0" encoding="UTF-8"?>
<!-- Generated by org.testng.reporters.JUnitReportReporter -->
<testsuite hostname="GEETAKARUNYAM" failures="0" tests="1" name="annotations.TestClass" time="0.008" errors="0" timestamp="2023-08-22T18:45:22 IST" skipped="0">
  <testcase classname="annotations.TestClass" name="test" time="0.008"/>
</testsuite> <!-- annotations.TestClass -->
