<?xml version="1.0" encoding="UTF-8"?>
<!-- Generated by org.testng.reporters.JUnitReportReporter -->
<testsuite hostname="GEETAKARUNYAM" failures="0" tests="1" name="TestNG.WhyNotIfElse" time="0.015" errors="0" timestamp="2023-08-22T18:39:37 IST" skipped="0">
  <testcase classname="TestNG.WhyNotIfElse" name="demo" time="0.015"/>
</testsuite> <!-- TestNG.WhyNotIfElse -->
