<?xml version="1.0" encoding="UTF-8"?>
<!-- Generated by org.testng.reporters.JUnitReportReporter -->
<testsuite hostname="GEETAKARUNYAM" failures="0" tests="1" name="VtigerFinalTestScript.CreateOrganizationTest" time="10.413" errors="0" timestamp="2023-08-24T21:23:13 IST" skipped="0">
  <testcase classname="VtigerFinalTestScript.CreateOrganizationTest" name="createOrgTest" time="10.413"/>
</testsuite> <!-- VtigerFinalTestScript.CreateOrganizationTest -->
