<?xml version="1.0" encoding="UTF-8"?>
<!-- Generated by org.testng.reporters.JUnitReportReporter -->
<testsuite hostname="GEETAKARUNYAM" failures="0" tests="1" name="VtigerFinalTestScript.CreateLeadTest" time="10.213" errors="0" timestamp="2023-08-24T21:21:09 IST" skipped="0">
  <testcase classname="VtigerFinalTestScript.CreateLeadTest" name="createLeadTest" time="10.213"/>
</testsuite> <!-- VtigerFinalTestScript.CreateLeadTest -->
