<?xml version="1.0" encoding="UTF-8"?>
<!-- Generated by org.testng.reporters.JUnitReportReporter -->
<testsuite hostname="GEETAKARUNYAM" failures="0" tests="2" name="BatchExecutions.Test4" time="0.008" errors="0" timestamp="2023-08-19T17:28:18 IST" skipped="0">
  <testcase classname="BatchExecutions.Test4" name="demo1" time="0.006"/>
  <testcase classname="BatchExecutions.Test4" name="demo2" time="0.002"/>
</testsuite> <!-- BatchExecutions.Test4 -->
