<?xml version="1.0" encoding="UTF-8"?>
<!-- Generated by org.testng.reporters.JUnitReportReporter -->
<testsuite hostname="GEETAKARUNYAM" failures="0" tests="1" name="TestNG.SamleTest" time="0.014" errors="0" timestamp="2023-08-22T18:37:20 IST" skipped="0">
  <testcase classname="TestNG.SamleTest" name="demo" time="0.014">
    <system-out>
      <![CDATA[Hello World!]]>
    </system-out>
  </testcase> <!-- demo -->
  <system-out>
    <![CDATA[Hello World!]]>
  </system-out>
</testsuite> <!-- TestNG.SamleTest -->
