<?xml version="1.0" encoding="UTF-8"?>
<!-- Generated by org.testng.reporters.JUnitReportReporter -->
<testsuite hostname="GEETAKARUNYAM" failures="0" tests="3" name="GroupsExecution.Test1" time="0.006" errors="0" timestamp="2023-08-19T17:41:41 IST" skipped="0">
  <testcase classname="GroupsExecution.Test1" name="demo1" time="0.002"/>
  <testcase classname="GroupsExecution.Test1" name="demo3" time="0.002"/>
  <testcase classname="GroupsExecution.Test1" name="demo2" time="0.002"/>
</testsuite> <!-- GroupsExecution.Test1 -->
