<?xml version="1.0" encoding="UTF-8"?>
<!-- Generated by org.testng.reporters.JUnitReportReporter -->
<testsuite hostname="GEETAKARUNYAM" failures="0" tests="1" name="VtigerFinalTestScript.CreateAndDuplicateLeadTest" time="13.096" errors="0" timestamp="2023-08-24T21:21:34 IST" skipped="0">
  <testcase classname="VtigerFinalTestScript.CreateAndDuplicateLeadTest" name="createAndDuplicateLeadTest" time="13.096"/>
</testsuite> <!-- VtigerFinalTestScript.CreateAndDuplicateLeadTest -->
